

Started GET "/" for ::1 at 2016-01-29 14:23:38 +0000
Processing by HomeController#index as HTML
  Rendered home/index.html.erb within layouts/application (6.0ms)
Completed 200 OK in 5573ms (Views: 5513.3ms | ActiveRecord: 0.0ms)


Started GET "/assets/application.self-e80e8f2318043e8af94dddc2adad5a4f09739a8ebb323b3ab31cd71d45fd9113.css?body=1" for ::1 at 2016-01-29 14:23:45 +0000


Started GET "/assets/jquery.self-c64a74367bda6ef8b860f19e74df08927ca99d2be2ac934e9e92d5fd361e0da4.js?body=1" for ::1 at 2016-01-29 14:23:45 +0000


Started GET "/assets/jquery_ujs.self-d602bdfe68ffc63b9f9cc512872aa3cfff046228a0a36e90dd476e8ef54c1b09.js?body=1" for ::1 at 2016-01-29 14:23:45 +0000


Started GET "/assets/application.self-3b8dabdc891efe46b9a144b400ad69e37d7e5876bdc39dee783419a69d7ca819.js?body=1" for ::1 at 2016-01-29 14:23:45 +0000


Started GET "/assets/turbolinks.self-c37727e9bd6b2735da5c311aa83fead54ed0be6cc8bd9a65309e9c5abe2cbfff.js?body=1" for ::1 at 2016-01-29 14:23:45 +0000
  [1m[36m (2.7ms)[0m  [1mCREATE TABLE "schema_migrations" ("version" varchar NOT NULL) [0m
  [1m[35m (0.8ms)[0m  select sqlite_version(*)
  [1m[36m (2.4ms)[0m  [1mCREATE UNIQUE INDEX "unique_schema_migrations" ON "schema_migrations" ("version")[0m
  [1m[35mActiveRecord::SchemaMigration Load (0.4ms)[0m  SELECT "schema_migrations".* FROM "schema_migrations"
Migrating to CreateUsers (20160129143036)
  [1m[36m (0.2ms)[0m  [1mbegin transaction[0m
  [1m[35m (1.4ms)[0m  CREATE TABLE "users" ("id" INTEGER PRIMARY KEY AUTOINCREMENT NOT NULL, "name" varchar, "birthday" integer, "birthmonth" integer, "birthyear" integer, "email" varchar, "password_digest" varchar, "online" boolean, "created_at" datetime NOT NULL, "updated_at" datetime NOT NULL) 
  [1m[36mSQL (0.6ms)[0m  [1mINSERT INTO "schema_migrations" ("version") VALUES (?)[0m  [["version", "20160129143036"]]
  [1m[35m (2.3ms)[0m  commit transaction
  [1m[36mActiveRecord::SchemaMigration Load (0.3ms)[0m  [1mSELECT "schema_migrations".* FROM "schema_migrations"[0m


Started GET "/" for ::1 at 2016-01-29 14:36:48 +0000
  [1m[36mActiveRecord::SchemaMigration Load (1.2ms)[0m  [1mSELECT "schema_migrations".* FROM "schema_migrations"[0m
Processing by HomeController#index as HTML
  Rendered home/index.html.erb within layouts/application (5.8ms)
Completed 200 OK in 958ms (Views: 917.5ms | ActiveRecord: 0.0ms)


Started GET "/index" for ::1 at 2016-01-29 14:36:58 +0000

ActionController::RoutingError (No route matches [GET] "/index"):
  actionpack (4.2.5) lib/action_dispatch/middleware/debug_exceptions.rb:21:in `call'
  web-console (2.3.0) lib/web_console/middleware.rb:28:in `block in call'
  web-console (2.3.0) lib/web_console/middleware.rb:18:in `catch'
  web-console (2.3.0) lib/web_console/middleware.rb:18:in `call'
  actionpack (4.2.5) lib/action_dispatch/middleware/show_exceptions.rb:30:in `call'
  railties (4.2.5) lib/rails/rack/logger.rb:38:in `call_app'
  railties (4.2.5) lib/rails/rack/logger.rb:20:in `block in call'
  activesupport (4.2.5) lib/active_support/tagged_logging.rb:68:in `block in tagged'
  activesupport (4.2.5) lib/active_support/tagged_logging.rb:26:in `tagged'
  activesupport (4.2.5) lib/active_support/tagged_logging.rb:68:in `tagged'
  railties (4.2.5) lib/rails/rack/logger.rb:20:in `call'
  actionpack (4.2.5) lib/action_dispatch/middleware/request_id.rb:21:in `call'
  rack (1.6.4) lib/rack/methodoverride.rb:22:in `call'
  rack (1.6.4) lib/rack/runtime.rb:18:in `call'
  activesupport (4.2.5) lib/active_support/cache/strategy/local_cache_middleware.rb:28:in `call'
  rack (1.6.4) lib/rack/lock.rb:17:in `call'
  actionpack (4.2.5) lib/action_dispatch/middleware/static.rb:116:in `call'
  rack (1.6.4) lib/rack/sendfile.rb:113:in `call'
  railties (4.2.5) lib/rails/engine.rb:518:in `call'
  railties (4.2.5) lib/rails/application.rb:165:in `call'
  rack (1.6.4) lib/rack/lock.rb:17:in `call'
  rack (1.6.4) lib/rack/content_length.rb:15:in `call'
  rack (1.6.4) lib/rack/handler/webrick.rb:88:in `service'
  /Users/JoaoRodrigues/.rvm/rubies/ruby-2.2.1/lib/ruby/2.2.0/webrick/httpserver.rb:138:in `service'
  /Users/JoaoRodrigues/.rvm/rubies/ruby-2.2.1/lib/ruby/2.2.0/webrick/httpserver.rb:94:in `run'
  /Users/JoaoRodrigues/.rvm/rubies/ruby-2.2.1/lib/ruby/2.2.0/webrick/server.rb:294:in `block in start_thread'


  Rendered /Users/JoaoRodrigues/.rvm/gems/ruby-2.2.1/gems/actionpack-4.2.5/lib/action_dispatch/middleware/templates/rescues/_trace.html.erb (5.3ms)
  Rendered /Users/JoaoRodrigues/.rvm/gems/ruby-2.2.1/gems/actionpack-4.2.5/lib/action_dispatch/middleware/templates/routes/_route.html.erb (5.0ms)
  Rendered /Users/JoaoRodrigues/.rvm/gems/ruby-2.2.1/gems/actionpack-4.2.5/lib/action_dispatch/middleware/templates/routes/_table.html.erb (31.8ms)
  Rendered /Users/JoaoRodrigues/.rvm/gems/ruby-2.2.1/gems/actionpack-4.2.5/lib/action_dispatch/middleware/templates/rescues/_request_and_response.html.erb (4.4ms)
  Rendered /Users/JoaoRodrigues/.rvm/gems/ruby-2.2.1/gems/actionpack-4.2.5/lib/action_dispatch/middleware/templates/rescues/routing_error.html.erb within rescues/layout (384.6ms)
  Rendered /Users/JoaoRodrigues/.rvm/gems/ruby-2.2.1/gems/web-console-2.3.0/lib/web_console/templates/_markup.html.erb (1.4ms)
  Rendered /Users/JoaoRodrigues/.rvm/gems/ruby-2.2.1/gems/web-console-2.3.0/lib/web_console/templates/_inner_console_markup.html.erb within layouts/inlined_string (1.1ms)
  Rendered /Users/JoaoRodrigues/.rvm/gems/ruby-2.2.1/gems/web-console-2.3.0/lib/web_console/templates/_prompt_box_markup.html.erb within layouts/inlined_string (1.1ms)
  Rendered /Users/JoaoRodrigues/.rvm/gems/ruby-2.2.1/gems/web-console-2.3.0/lib/web_console/templates/style.css.erb within layouts/inlined_string (1.4ms)
  Rendered /Users/JoaoRodrigues/.rvm/gems/ruby-2.2.1/gems/web-console-2.3.0/lib/web_console/templates/console.js.erb within layouts/javascript (258.8ms)
  Rendered /Users/JoaoRodrigues/.rvm/gems/ruby-2.2.1/gems/web-console-2.3.0/lib/web_console/templates/main.js.erb within layouts/javascript (1.1ms)
  Rendered /Users/JoaoRodrigues/.rvm/gems/ruby-2.2.1/gems/web-console-2.3.0/lib/web_console/templates/error_page.js.erb within layouts/javascript (1.3ms)
  Rendered /Users/JoaoRodrigues/.rvm/gems/ruby-2.2.1/gems/web-console-2.3.0/lib/web_console/templates/index.html.erb (552.4ms)


Started GET "/index" for ::1 at 2016-01-29 14:37:57 +0000
  [1m[36mActiveRecord::SchemaMigration Load (0.5ms)[0m  [1mSELECT "schema_migrations".* FROM "schema_migrations"[0m

ActionController::RoutingError (No route matches [GET] "/index"):
  actionpack (4.2.5) lib/action_dispatch/middleware/debug_exceptions.rb:21:in `call'
  web-console (2.3.0) lib/web_console/middleware.rb:28:in `block in call'
  web-console (2.3.0) lib/web_console/middleware.rb:18:in `catch'
  web-console (2.3.0) lib/web_console/middleware.rb:18:in `call'
  actionpack (4.2.5) lib/action_dispatch/middleware/show_exceptions.rb:30:in `call'
  railties (4.2.5) lib/rails/rack/logger.rb:38:in `call_app'
  railties (4.2.5) lib/rails/rack/logger.rb:20:in `block in call'
  activesupport (4.2.5) lib/active_support/tagged_logging.rb:68:in `block in tagged'
  activesupport (4.2.5) lib/active_support/tagged_logging.rb:26:in `tagged'
  activesupport (4.2.5) lib/active_support/tagged_logging.rb:68:in `tagged'
  railties (4.2.5) lib/rails/rack/logger.rb:20:in `call'
  actionpack (4.2.5) lib/action_dispatch/middleware/request_id.rb:21:in `call'
  rack (1.6.4) lib/rack/methodoverride.rb:22:in `call'
  rack (1.6.4) lib/rack/runtime.rb:18:in `call'
  activesupport (4.2.5) lib/active_support/cache/strategy/local_cache_middleware.rb:28:in `call'
  rack (1.6.4) lib/rack/lock.rb:17:in `call'
  actionpack (4.2.5) lib/action_dispatch/middleware/static.rb:116:in `call'
  rack (1.6.4) lib/rack/sendfile.rb:113:in `call'
  railties (4.2.5) lib/rails/engine.rb:518:in `call'
  railties (4.2.5) lib/rails/application.rb:165:in `call'
  rack (1.6.4) lib/rack/lock.rb:17:in `call'
  rack (1.6.4) lib/rack/content_length.rb:15:in `call'
  rack (1.6.4) lib/rack/handler/webrick.rb:88:in `service'
  /Users/JoaoRodrigues/.rvm/rubies/ruby-2.2.1/lib/ruby/2.2.0/webrick/httpserver.rb:138:in `service'
  /Users/JoaoRodrigues/.rvm/rubies/ruby-2.2.1/lib/ruby/2.2.0/webrick/httpserver.rb:94:in `run'
  /Users/JoaoRodrigues/.rvm/rubies/ruby-2.2.1/lib/ruby/2.2.0/webrick/server.rb:294:in `block in start_thread'


  Rendered /Users/JoaoRodrigues/.rvm/gems/ruby-2.2.1/gems/actionpack-4.2.5/lib/action_dispatch/middleware/templates/rescues/_trace.html.erb (6.2ms)
  Rendered /Users/JoaoRodrigues/.rvm/gems/ruby-2.2.1/gems/actionpack-4.2.5/lib/action_dispatch/middleware/templates/routes/_route.html.erb (4.2ms)
  Rendered /Users/JoaoRodrigues/.rvm/gems/ruby-2.2.1/gems/actionpack-4.2.5/lib/action_dispatch/middleware/templates/routes/_table.html.erb (60.1ms)
  Rendered /Users/JoaoRodrigues/.rvm/gems/ruby-2.2.1/gems/actionpack-4.2.5/lib/action_dispatch/middleware/templates/rescues/_request_and_response.html.erb (37.0ms)
  Rendered /Users/JoaoRodrigues/.rvm/gems/ruby-2.2.1/gems/actionpack-4.2.5/lib/action_dispatch/middleware/templates/rescues/routing_error.html.erb within rescues/layout (433.6ms)
  Rendered /Users/JoaoRodrigues/.rvm/gems/ruby-2.2.1/gems/web-console-2.3.0/lib/web_console/templates/_markup.html.erb (1.2ms)
  Rendered /Users/JoaoRodrigues/.rvm/gems/ruby-2.2.1/gems/web-console-2.3.0/lib/web_console/templates/_inner_console_markup.html.erb within layouts/inlined_string (1.2ms)
  Rendered /Users/JoaoRodrigues/.rvm/gems/ruby-2.2.1/gems/web-console-2.3.0/lib/web_console/templates/_prompt_box_markup.html.erb within layouts/inlined_string (1.3ms)
  Rendered /Users/JoaoRodrigues/.rvm/gems/ruby-2.2.1/gems/web-console-2.3.0/lib/web_console/templates/style.css.erb within layouts/inlined_string (1.1ms)
  Rendered /Users/JoaoRodrigues/.rvm/gems/ruby-2.2.1/gems/web-console-2.3.0/lib/web_console/templates/console.js.erb within layouts/javascript (240.6ms)
  Rendered /Users/JoaoRodrigues/.rvm/gems/ruby-2.2.1/gems/web-console-2.3.0/lib/web_console/templates/main.js.erb within layouts/javascript (1.0ms)
  Rendered /Users/JoaoRodrigues/.rvm/gems/ruby-2.2.1/gems/web-console-2.3.0/lib/web_console/templates/error_page.js.erb within layouts/javascript (1.4ms)
  Rendered /Users/JoaoRodrigues/.rvm/gems/ruby-2.2.1/gems/web-console-2.3.0/lib/web_console/templates/index.html.erb (507.5ms)


Started GET "/users/index" for ::1 at 2016-01-29 14:38:07 +0000

AbstractController::ActionNotFound (The action 'show' could not be found for UsersController):
  actionpack (4.2.5) lib/abstract_controller/base.rb:132:in `process'
  actionview (4.2.5) lib/action_view/rendering.rb:30:in `process'
  actionpack (4.2.5) lib/action_controller/metal.rb:196:in `dispatch'
  actionpack (4.2.5) lib/action_controller/metal/rack_delegation.rb:13:in `dispatch'
  actionpack (4.2.5) lib/action_controller/metal.rb:237:in `block in action'
  actionpack (4.2.5) lib/action_dispatch/routing/route_set.rb:76:in `call'
  actionpack (4.2.5) lib/action_dispatch/routing/route_set.rb:76:in `dispatch'
  actionpack (4.2.5) lib/action_dispatch/routing/route_set.rb:45:in `serve'
  actionpack (4.2.5) lib/action_dispatch/journey/router.rb:43:in `block in serve'
  actionpack (4.2.5) lib/action_dispatch/journey/router.rb:30:in `each'
  actionpack (4.2.5) lib/action_dispatch/journey/router.rb:30:in `serve'
  actionpack (4.2.5) lib/action_dispatch/routing/route_set.rb:817:in `call'
  rack (1.6.4) lib/rack/etag.rb:24:in `call'
  rack (1.6.4) lib/rack/conditionalget.rb:25:in `call'
  rack (1.6.4) lib/rack/head.rb:13:in `call'
  actionpack (4.2.5) lib/action_dispatch/middleware/params_parser.rb:27:in `call'
  actionpack (4.2.5) lib/action_dispatch/middleware/flash.rb:260:in `call'
  rack (1.6.4) lib/rack/session/abstract/id.rb:225:in `context'
  rack (1.6.4) lib/rack/session/abstract/id.rb:220:in `call'
  actionpack (4.2.5) lib/action_dispatch/middleware/cookies.rb:560:in `call'
  activerecord (4.2.5) lib/active_record/query_cache.rb:36:in `call'
  activerecord (4.2.5) lib/active_record/connection_adapters/abstract/connection_pool.rb:653:in `call'
  activerecord (4.2.5) lib/active_record/migration.rb:377:in `call'
  actionpack (4.2.5) lib/action_dispatch/middleware/callbacks.rb:29:in `block in call'
  activesupport (4.2.5) lib/active_support/callbacks.rb:88:in `__run_callbacks__'
  activesupport (4.2.5) lib/active_support/callbacks.rb:778:in `_run_call_callbacks'
  activesupport (4.2.5) lib/active_support/callbacks.rb:81:in `run_callbacks'
  actionpack (4.2.5) lib/action_dispatch/middleware/callbacks.rb:27:in `call'
  actionpack (4.2.5) lib/action_dispatch/middleware/reloader.rb:73:in `call'
  actionpack (4.2.5) lib/action_dispatch/middleware/remote_ip.rb:78:in `call'
  actionpack (4.2.5) lib/action_dispatch/middleware/debug_exceptions.rb:17:in `call'
  web-console (2.3.0) lib/web_console/middleware.rb:28:in `block in call'
  web-console (2.3.0) lib/web_console/middleware.rb:18:in `catch'
  web-console (2.3.0) lib/web_console/middleware.rb:18:in `call'
  actionpack (4.2.5) lib/action_dispatch/middleware/show_exceptions.rb:30:in `call'
  railties (4.2.5) lib/rails/rack/logger.rb:38:in `call_app'
  railties (4.2.5) lib/rails/rack/logger.rb:20:in `block in call'
  activesupport (4.2.5) lib/active_support/tagged_logging.rb:68:in `block in tagged'
  activesupport (4.2.5) lib/active_support/tagged_logging.rb:26:in `tagged'
  activesupport (4.2.5) lib/active_support/tagged_logging.rb:68:in `tagged'
  railties (4.2.5) lib/rails/rack/logger.rb:20:in `call'
  actionpack (4.2.5) lib/action_dispatch/middleware/request_id.rb:21:in `call'
  rack (1.6.4) lib/rack/methodoverride.rb:22:in `call'
  rack (1.6.4) lib/rack/runtime.rb:18:in `call'
  activesupport (4.2.5) lib/active_support/cache/strategy/local_cache_middleware.rb:28:in `call'
  rack (1.6.4) lib/rack/lock.rb:17:in `call'
  actionpack (4.2.5) lib/action_dispatch/middleware/static.rb:116:in `call'
  rack (1.6.4) lib/rack/sendfile.rb:113:in `call'
  railties (4.2.5) lib/rails/engine.rb:518:in `call'
  railties (4.2.5) lib/rails/application.rb:165:in `call'
  rack (1.6.4) lib/rack/lock.rb:17:in `call'
  rack (1.6.4) lib/rack/content_length.rb:15:in `call'
  rack (1.6.4) lib/rack/handler/webrick.rb:88:in `service'
  /Users/JoaoRodrigues/.rvm/rubies/ruby-2.2.1/lib/ruby/2.2.0/webrick/httpserver.rb:138:in `service'
  /Users/JoaoRodrigues/.rvm/rubies/ruby-2.2.1/lib/ruby/2.2.0/webrick/httpserver.rb:94:in `run'
  /Users/JoaoRodrigues/.rvm/rubies/ruby-2.2.1/lib/ruby/2.2.0/webrick/server.rb:294:in `block in start_thread'


  Rendered /Users/JoaoRodrigues/.rvm/gems/ruby-2.2.1/gems/actionpack-4.2.5/lib/action_dispatch/middleware/templates/rescues/unknown_action.html.erb within rescues/layout (1.3ms)
  Rendered /Users/JoaoRodrigues/.rvm/gems/ruby-2.2.1/gems/web-console-2.3.0/lib/web_console/templates/_markup.html.erb (2.4ms)
  Rendered /Users/JoaoRodrigues/.rvm/gems/ruby-2.2.1/gems/web-console-2.3.0/lib/web_console/templates/_inner_console_markup.html.erb within layouts/inlined_string (1.0ms)
  Rendered /Users/JoaoRodrigues/.rvm/gems/ruby-2.2.1/gems/web-console-2.3.0/lib/web_console/templates/_prompt_box_markup.html.erb within layouts/inlined_string (1.1ms)
  Rendered /Users/JoaoRodrigues/.rvm/gems/ruby-2.2.1/gems/web-console-2.3.0/lib/web_console/templates/style.css.erb within layouts/inlined_string (1.1ms)
  Rendered /Users/JoaoRodrigues/.rvm/gems/ruby-2.2.1/gems/web-console-2.3.0/lib/web_console/templates/console.js.erb within layouts/javascript (206.3ms)
  Rendered /Users/JoaoRodrigues/.rvm/gems/ruby-2.2.1/gems/web-console-2.3.0/lib/web_console/templates/main.js.erb within layouts/javascript (1.0ms)
  Rendered /Users/JoaoRodrigues/.rvm/gems/ruby-2.2.1/gems/web-console-2.3.0/lib/web_console/templates/error_page.js.erb within layouts/javascript (1.7ms)
  Rendered /Users/JoaoRodrigues/.rvm/gems/ruby-2.2.1/gems/web-console-2.3.0/lib/web_console/templates/index.html.erb (493.6ms)
  [1m[36mActiveRecord::SchemaMigration Load (0.2ms)[0m  [1mSELECT "schema_migrations".* FROM "schema_migrations"[0m
Migrating to CreateInterests (20160129143643)
  [1m[35m (0.2ms)[0m  begin transaction
  [1m[36m (0.6ms)[0m  [1mCREATE TABLE "interests" ("id" INTEGER PRIMARY KEY AUTOINCREMENT NOT NULL, "name" varchar, "created_at" datetime NOT NULL, "updated_at" datetime NOT NULL) [0m
  [1m[35mSQL (0.3ms)[0m  INSERT INTO "schema_migrations" ("version") VALUES (?)  [["version", "20160129143643"]]
  [1m[36m (3.5ms)[0m  [1mcommit transaction[0m
  [1m[35mActiveRecord::SchemaMigration Load (0.2ms)[0m  SELECT "schema_migrations".* FROM "schema_migrations"


Started GET "/" for ::1 at 2016-01-29 14:51:01 +0000
  [1m[36mActiveRecord::SchemaMigration Load (1.0ms)[0m  [1mSELECT "schema_migrations".* FROM "schema_migrations"[0m
Processing by HomeController#index as HTML
  Rendered home/index.html.erb within layouts/application (2.7ms)
Completed 200 OK in 2490ms (Views: 2460.9ms | ActiveRecord: 0.0ms)


Started GET "/assets/interests.self-e3b0c44298fc1c149afbf4c8996fb92427ae41e4649b934ca495991b7852b855.css?body=1" for ::1 at 2016-01-29 14:51:04 +0000


Started GET "/assets/application.self-e80e8f2318043e8af94dddc2adad5a4f09739a8ebb323b3ab31cd71d45fd9113.css?body=1" for ::1 at 2016-01-29 14:51:04 +0000


Started GET "/assets/application.self-3b8dabdc891efe46b9a144b400ad69e37d7e5876bdc39dee783419a69d7ca819.js?body=1" for ::1 at 2016-01-29 14:51:04 +0000


Started GET "/assets/jquery.self-c64a74367bda6ef8b860f19e74df08927ca99d2be2ac934e9e92d5fd361e0da4.js?body=1" for ::1 at 2016-01-29 14:51:04 +0000


Started GET "/assets/jquery_ujs.self-d602bdfe68ffc63b9f9cc512872aa3cfff046228a0a36e90dd476e8ef54c1b09.js?body=1" for ::1 at 2016-01-29 14:51:04 +0000


Started GET "/assets/turbolinks.self-c37727e9bd6b2735da5c311aa83fead54ed0be6cc8bd9a65309e9c5abe2cbfff.js?body=1" for ::1 at 2016-01-29 14:51:04 +0000


Started GET "/assets/interests.self-877aef30ae1b040ab8a3aba4e3e309a11d7f2612f44dde450b5c157aa5f95c05.js?body=1" for ::1 at 2016-01-29 14:51:04 +0000


Started GET "/" for ::1 at 2016-01-29 14:51:13 +0000
Processing by HomeController#index as HTML
  Rendered home/index.html.erb within layouts/application (0.1ms)
Completed 200 OK in 77ms (Views: 75.7ms | ActiveRecord: 0.0ms)


Started GET "/assets/interests.self-e3b0c44298fc1c149afbf4c8996fb92427ae41e4649b934ca495991b7852b855.css?body=1" for ::1 at 2016-01-29 14:51:14 +0000


Started GET "/assets/jquery_ujs.self-d602bdfe68ffc63b9f9cc512872aa3cfff046228a0a36e90dd476e8ef54c1b09.js?body=1" for ::1 at 2016-01-29 14:51:14 +0000


Started GET "/assets/turbolinks.self-c37727e9bd6b2735da5c311aa83fead54ed0be6cc8bd9a65309e9c5abe2cbfff.js?body=1" for ::1 at 2016-01-29 14:51:14 +0000


Started GET "/assets/jquery.self-c64a74367bda6ef8b860f19e74df08927ca99d2be2ac934e9e92d5fd361e0da4.js?body=1" for ::1 at 2016-01-29 14:51:14 +0000


Started GET "/assets/interests.self-877aef30ae1b040ab8a3aba4e3e309a11d7f2612f44dde450b5c157aa5f95c05.js?body=1" for ::1 at 2016-01-29 14:51:14 +0000


Started GET "/assets/application.self-e80e8f2318043e8af94dddc2adad5a4f09739a8ebb323b3ab31cd71d45fd9113.css?body=1" for ::1 at 2016-01-29 14:51:14 +0000


Started GET "/assets/application.self-3b8dabdc891efe46b9a144b400ad69e37d7e5876bdc39dee783419a69d7ca819.js?body=1" for ::1 at 2016-01-29 14:51:14 +0000


Started GET "/" for ::1 at 2016-01-29 14:52:22 +0000
Processing by HomeController#index as HTML
  Rendered home/index.html.erb within layouts/application (0.1ms)
Completed 200 OK in 95ms (Views: 94.8ms | ActiveRecord: 0.0ms)


Started GET "/assets/application.self-e80e8f2318043e8af94dddc2adad5a4f09739a8ebb323b3ab31cd71d45fd9113.css?body=1" for ::1 at 2016-01-29 14:52:22 +0000


Started GET "/assets/interests.self-e3b0c44298fc1c149afbf4c8996fb92427ae41e4649b934ca495991b7852b855.css?body=1" for ::1 at 2016-01-29 14:52:22 +0000


Started GET "/assets/jquery.self-c64a74367bda6ef8b860f19e74df08927ca99d2be2ac934e9e92d5fd361e0da4.js?body=1" for ::1 at 2016-01-29 14:52:22 +0000


Started GET "/assets/interests.self-877aef30ae1b040ab8a3aba4e3e309a11d7f2612f44dde450b5c157aa5f95c05.js?body=1" for ::1 at 2016-01-29 14:52:22 +0000


Started GET "/assets/application.self-3b8dabdc891efe46b9a144b400ad69e37d7e5876bdc39dee783419a69d7ca819.js?body=1" for ::1 at 2016-01-29 14:52:22 +0000


Started GET "/assets/jquery_ujs.self-d602bdfe68ffc63b9f9cc512872aa3cfff046228a0a36e90dd476e8ef54c1b09.js?body=1" for ::1 at 2016-01-29 14:52:22 +0000


Started GET "/assets/turbolinks.self-c37727e9bd6b2735da5c311aa83fead54ed0be6cc8bd9a65309e9c5abe2cbfff.js?body=1" for ::1 at 2016-01-29 14:52:22 +0000


Started GET "/" for ::1 at 2016-01-29 14:54:32 +0000
Processing by HomeController#index as HTML
  Rendered home/index.html.erb within layouts/application (0.1ms)
Completed 200 OK in 99ms (Views: 98.3ms | ActiveRecord: 0.0ms)


Started GET "/assets/interests.self-e3b0c44298fc1c149afbf4c8996fb92427ae41e4649b934ca495991b7852b855.css?body=1" for ::1 at 2016-01-29 14:54:32 +0000


Started GET "/assets/application.self-e80e8f2318043e8af94dddc2adad5a4f09739a8ebb323b3ab31cd71d45fd9113.css?body=1" for ::1 at 2016-01-29 14:54:32 +0000


Started GET "/assets/turbolinks.self-c37727e9bd6b2735da5c311aa83fead54ed0be6cc8bd9a65309e9c5abe2cbfff.js?body=1" for ::1 at 2016-01-29 14:54:32 +0000


Started GET "/assets/jquery.self-c64a74367bda6ef8b860f19e74df08927ca99d2be2ac934e9e92d5fd361e0da4.js?body=1" for ::1 at 2016-01-29 14:54:32 +0000


Started GET "/assets/interests.self-877aef30ae1b040ab8a3aba4e3e309a11d7f2612f44dde450b5c157aa5f95c05.js?body=1" for ::1 at 2016-01-29 14:54:32 +0000


Started GET "/assets/jquery_ujs.self-d602bdfe68ffc63b9f9cc512872aa3cfff046228a0a36e90dd476e8ef54c1b09.js?body=1" for ::1 at 2016-01-29 14:54:32 +0000


Started GET "/assets/application.self-3b8dabdc891efe46b9a144b400ad69e37d7e5876bdc39dee783419a69d7ca819.js?body=1" for ::1 at 2016-01-29 14:54:32 +0000
  [1m[36mActiveRecord::SchemaMigration Load (15.5ms)[0m  [1mSELECT "schema_migrations".* FROM "schema_migrations"[0m
  [1m[35m (0.1ms)[0m  begin transaction
  [1m[36mSQL (2.0ms)[0m  [1mINSERT INTO "users" ("name", "email", "created_at", "updated_at") VALUES (?, ?, ?, ?)[0m  [["name", "Simao"], ["email", "simaoneves@gmail.com"], ["created_at", "2016-01-29 14:54:54.432948"], ["updated_at", "2016-01-29 14:54:54.432948"]]
  [1m[35m (2.7ms)[0m  commit transaction
  [1m[36m (0.1ms)[0m  [1mbegin transaction[0m
  [1m[35mSQL (0.3ms)[0m  INSERT INTO "users" ("name", "email", "created_at", "updated_at") VALUES (?, ?, ?, ?)  [["name", "Joao"], ["email", "joaorodigues@gmail.com"], ["created_at", "2016-01-29 14:54:54.454475"], ["updated_at", "2016-01-29 14:54:54.454475"]]
  [1m[36m (2.8ms)[0m  [1mcommit transaction[0m
